生成启动时间为 2017/9/13 18:34:58。
     1>项目“E:\studyCode\MFC\MFCWinows\MFCWinows\MFCWinows.vcxproj”在节点 2 上(build 个目标)。
     1>InitializeBuildStatus:
         正在对“Debug\MFCWinows.unsuccessfulbuild”执行 Touch 任务。
       ClCompile:
         所有输出均为最新。
         C:\Program Files (x86)\Microsoft Visual Studio 10.0\VC\bin\CL.exe /c /ZI /nologo /W3 /WX- /Od /Oy- /D WIN32 /D _WINDOWS /D _DEBUG /D _UNICODE /D UNICODE /D _AFXDLL /Gm /EHsc /RTC1 /MDd /GS /fp:precise /Zc:wchar_t /Zc:forScope /Yu"StdAfx.h" /Fp"Debug\MFCWinows.pch" /Fo"Debug\\" /Fd"Debug\vc100.pdb" /Gd /TP /analyze- /errorReport:prompt MFCWinows.cpp MFCWinowsDlg.cpp
         MFCWinowsDlg.cpp
         MFCWinows.cpp
         正在生成代码...
       ResourceCompile:
         所有输出均为最新。
       ManifestResourceCompile:
         所有输出均为最新。
       Link:
         C:\Program Files (x86)\Microsoft Visual Studio 10.0\VC\bin\link.exe /ERRORREPORT:PROMPT /OUT:"E:\studyCode\MFC\MFCWinows\Debug\MFCWinows.exe" /INCREMENTAL /NOLOGO /MANIFEST /ManifestFile:"Debug\MFCWinows.exe.intermediate.manifest" /MANIFESTUAC:"level='asInvoker' uiAccess='false'" /DEBUG /PDB:"E:\studyCode\MFC\MFCWinows\Debug\MFCWinows.pdb" /SUBSYSTEM:WINDOWS /TLBID:1 /ENTRY:"wWinMainCRTStartup" /DYNAMICBASE /NXCOMPAT /IMPLIB:"E:\studyCode\MFC\MFCWinows\Debug\MFCWinows.lib" /MACHINE:X86 Debug\MFCWinows.res
         Debug\MFCWinows.exe.embed.manifest.res
         Debug\DlgExcl.obj
         Debug\DlgShowWindow.obj
         Debug\MFCWinows.obj
         Debug\MFCWinowsDlg.obj
         Debug\stdafx.obj
       Manifest:
         C:\Program Files (x86)\Microsoft SDKs\Windows\v7.0A\bin\mt.exe /nologo /verbose /out:"Debug\MFCWinows.exe.embed.manifest" /manifest Debug\MFCWinows.exe.intermediate.manifest "C:\Program Files (x86)\Microsoft Visual Studio 10.0\VC\Include\Manifest\dpiaware.manifest"
         所有输出均为最新。
       LinkEmbedManifest:
         所有输出均为最新。
         MFCWinows.vcxproj -> E:\studyCode\MFC\MFCWinows\Debug\MFCWinows.exe
       FinalizeBuildStatus:
         正在删除文件“Debug\MFCWinows.unsuccessfulbuild”。
         正在对“Debug\MFCWinows.lastbuildstate”执行 Touch 任务。
     1>已完成生成项目“E:\studyCode\MFC\MFCWinows\MFCWinows\MFCWinows.vcxproj”(build 个目标)的操作。

生成成功。

已用时间 00:00:00.78
